<?xml version="1.0" encoding="UTF-8"?>
<!-- Generated by org.testng.reporters.JUnitXMLReporter -->
<testsuite ignored="0" hostname="DESKTOP-9A1I333" failures="1" tests="2" name="Test(failed)(failed)" time="20.797" errors="0" timestamp="2024-09-09T17:52:18 IST">
  <testcase classname="testCases.TC_004_MyAccountCases" name="verify_Change_PASSWORD" time="3.382"/>
  <testcase classname="testCases.TC_004_MyAccountCases" name="verify_Edit_Account_Info" time="12.859">
    <failure type="java.lang.AssertionError" message="expected [true] but found [false]">
      <![CDATA[java.lang.AssertionError: expected [true] but found [false]
at testCases.TC_004_MyAccountCases.verify_Edit_Account_Info(TC_004_MyAccountCases.java:36)
at java.base/java.util.ArrayList.forEach(ArrayList.java:1597)
... Removed 32 stack frames]]>
    </failure>
  </testcase> <!-- verify_Edit_Account_Info -->
</testsuite> <!-- Test(failed)(failed) -->
