<?xml version="1.0" encoding="UTF-8"?>
<!-- Generated by org.testng.reporters.JUnitXMLReporter -->
<testsuite ignored="1" hostname="DESKTOP-9A1I333" failures="0" tests="1" name="Default test(failed)(failed)" time="0.092" errors="0" timestamp="2024-09-09T18:28:25 IST">
  <testcase classname="testCases.BaseClass" name="@BeforeClass setup" time="-1.725886705344E9">
    <failure type="org.testng.TestNGException" message="
Parameter &amp;apos;os&amp;apos; is required by BeforeClass on method setup but has not been marked @Optional or defined
in C:\Users\Asus\eclipse-workspace\OprnCart121\test-output\testng-failed.xml">
      <![CDATA[org.testng.TestNGException: 
Parameter 'os' is required by BeforeClass on method setup but has not been marked @Optional or defined
in C:\Users\Asus\eclipse-workspace\OprnCart121\test-output\testng-failed.xml
at java.base/java.util.ArrayList.forEach(ArrayList.java:1597)
... Removed 22 stack frames]]>
    </failure>
  </testcase> <!-- @BeforeClass setup -->
  <testcase classname="testCases.BaseClass" name="@AfterClass tearDown" time="0.0">
    <skipped/>
  </testcase> <!-- @AfterClass tearDown -->
  <testcase classname="testCases.TC_004_MyAccountCases" name="verify_Edit_Account_Info" time="0.0">
    <skipped/>
  </testcase> <!-- verify_Edit_Account_Info -->
  <testcase classname="testCases.TC_004_MyAccountCases" name="verify_Change_PASSWORD" time="0.0">
    <ignored/>
  </testcase> <!-- verify_Change_PASSWORD -->
</testsuite> <!-- Default test(failed)(failed) -->
